[2018-07-15 16:20:29,667]:app.main:__init__: Completed configuring logger()!
[2018-07-15 16:20:30,333]:app.main:__init__: Completed configuring logger()!
[2018-07-15 16:34:11,000]:app.main:__init__: Completed configuring logger()!
[2018-07-15 16:36:07,360]:app.main:__init__: Completed configuring logger()!
[2018-07-15 16:37:36,891]:app.main:__init__: Completed configuring logger()!
[2018-07-15 16:41:25,919]:app.main:__init__: Completed configuring logger()!
[2018-07-15 16:41:32,957]:app.main.collection_lib:collection_lib: Trying to do similar to SELECT *
[2018-07-15 16:42:57,473]:app.main:__init__:<module> Completed configuring logger()!
[2018-07-15 16:43:00,450]:app.main.collection_lib:collection_lib:find Trying to do similar to SELECT *
[2018-07-15 16:43:46,136]:app.main:<module> Completed configuring logger()!
[2018-07-15 16:43:51,546]:app.main.collection_lib:find Trying to do similar to SELECT *
[2018-07-15 16:45:36,303]:app.main:<module> Completed configuring logger()!
[2018-07-15 16:45:39,453]:app.main.collection_lib:find_one Trying to find None in DB
[2018-07-15 16:50:59,444]:app.main:<module> Completed configuring logger()!
[2018-07-15 16:51:00,493]:app.main.collection_lib:find Trying to do similar to SELECT *
[2018-07-15 16:51:19,169]:app.main:<module> Completed configuring logger()!
[2018-07-15 16:51:22,947]:app.main.collection_lib:find Trying to do similar to SELECT *
[2018-07-15 16:51:37,914]:app.main:<module> Completed configuring logger()!
[2018-07-15 16:51:38,921]:app.main.collection_lib:find_one Trying to find None in DB
[2018-07-15 16:52:02,965]:app.main:<module> Completed configuring logger()!
[2018-07-15 16:53:56,613]:app.main:<module> Completed configuring logger()!
[2018-07-15 16:54:21,600]:app.main:<module> Completed configuring logger()!
[2018-07-15 16:54:24,616]:app.main.collection_lib:find_one Trying to find {'user': 'Harry'} in DB
[2018-07-15 16:55:26,768]:app.main:<module> Completed configuring logger()!
[2018-07-15 16:55:28,443]:app.main.collection_lib:find_one Trying to find {'user': 'Harry'} in DB
[2018-07-15 16:56:26,546]:app.main:<module> Completed configuring logger()!
[2018-07-15 16:56:27,888]:app.main.collection_lib:find_one Trying to find {'user': 'Harry'} in DB
[2018-07-15 16:57:20,292]:app.main:<module> Completed configuring logger()!
[2018-07-15 16:57:24,623]:app.main:<module> Completed configuring logger()!
[2018-07-15 16:57:26,007]:app.main.collection_lib:find_one Trying to find {'user': 'Gareth'} in DB
[2018-07-15 17:08:08,014]:app.main:<module> Completed configuring logger()!
[2018-07-15 17:11:12,529]:app.main:<module> Completed configuring logger()!
[2018-07-15 17:11:42,901]:app.main:<module> Could not connect to MongoDB, Exiting... blogit-demo.westus2.cloudapp.azure.com:27018: [Errno 60] Operation timed out
Traceback (most recent call last):
  File "controller.py", line 17, in <module>
    print mongo.db.collection_names()
  File "/Users/hnshah/dev/personal/blog-it/lib/python2.7/site-packages/pymongo/database.py", line 715, in collection_names
    nameOnly=True, **kws)]
  File "/Users/hnshah/dev/personal/blog-it/lib/python2.7/site-packages/pymongo/database.py", line 674, in list_collections
    read_pref) as (sock_info, slave_okay):
  File "/System/Library/Frameworks/Python.framework/Versions/2.7/lib/python2.7/contextlib.py", line 17, in __enter__
    return self.gen.next()
  File "/Users/hnshah/dev/personal/blog-it/lib/python2.7/site-packages/pymongo/mongo_client.py", line 1099, in _socket_for_reads
    server = topology.select_server(read_preference)
  File "/Users/hnshah/dev/personal/blog-it/lib/python2.7/site-packages/pymongo/topology.py", line 224, in select_server
    address))
  File "/Users/hnshah/dev/personal/blog-it/lib/python2.7/site-packages/pymongo/topology.py", line 183, in select_servers
    selector, server_timeout, address)
  File "/Users/hnshah/dev/personal/blog-it/lib/python2.7/site-packages/pymongo/topology.py", line 199, in _select_servers_loop
    self._error_message(selector))
ServerSelectionTimeoutError: blogit-demo.westus2.cloudapp.azure.com:27018: [Errno 60] Operation timed out
[2018-07-15 20:17:10,830]:app.main:<module> Completed configuring logger()!
[2018-07-15 20:18:02,896]:app.main:<module> Completed configuring logger()!
[2018-07-15 20:18:03,596]:app.main:<module> Completed configuring logger()!
[2018-07-15 20:18:28,937]:app.main.collection_lib:find_one Trying to find {'username': u'kapil'} in DB
[2018-07-15 20:18:28,977]:app.main.collection_lib:find_one Trying to find {'email': u'kapil'} in DB
[2018-07-15 20:19:20,993]:app.main:<module> Completed configuring logger()!
[2018-07-15 20:19:24,027]:app.main.collection_lib:find_one Trying to find {'username': u'kapil'} in DB
[2018-07-15 20:19:24,068]:app.main.collection_lib:find_one Trying to find {'email': u'kapil'} in DB
[2018-07-15 20:20:46,071]:app.main.collection_lib:find_one Trying to find {'username': u'garethdsouza'} in DB
[2018-07-15 20:20:46,110]:app.main.collection_lib:find_one Trying to find {'email': u'garethdsouza'} in DB
[2018-07-15 20:21:04,051]:app.main:<module> Completed configuring logger()!
[2018-07-15 20:21:11,264]:app.main.collection_lib:find_one Trying to find {'username': u'garethdsouza'} in DB
[2018-07-15 20:21:11,304]:app.main.collection_lib:find_one Trying to find {'email': u'garethdsouza'} in DB
[2018-07-15 20:21:19,755]:app.main.collection_lib:find_one Trying to find {'username': u'gare1thdsouza'} in DB
[2018-07-15 20:21:19,793]:app.main.collection_lib:find_one Trying to find {'email': u'gare1thdsouza'} in DB
[2018-07-15 20:21:25,178]:app.main.collection_lib:find_one Trying to find {'username': u'gare1thdsouza'} in DB
[2018-07-15 20:21:25,217]:app.main.collection_lib:find_one Trying to find {'email': u'gare1thdsouza'} in DB
[2018-07-15 20:23:52,166]:[INFO]:app.main: Completed configuring logger()!
[2018-07-15 20:25:08,552]:[INFO]:app.main: Completed configuring logger()!
[2018-07-15 20:25:16,168]:[INFO]:app.main: Completed configuring logger()!
[2018-07-15 20:25:24,615]:[INFO]:app.main.collection_lib: Trying to find {'username': u'gare1thdsouza'} in DB
[2018-07-15 20:25:24,655]:[INFO]:app.main.collection_lib: Trying to find {'email': u'gare1thdsouza'} in DB
[2018-07-15 20:26:30,708]:[INFO]:app.main: Completed configuring logger()!
[2018-07-15 20:26:38,355]:[INFO]:app.main.collection_lib: Trying to find {'username': u'gare1thdsouza'} in DB
[2018-07-15 20:26:38,399]:[INFO]:app.main.collection_lib: Trying to find {'email': u'gare1thdsouza'} in DB
[2018-07-15 20:27:37,120]:[INFO]:app.main.collection_lib: Trying to find {'username': u'gare1thdsouza'} in DB
[2018-07-15 20:27:37,159]:[INFO]:app.main.collection_lib: Trying to find {'email': u'gare1thdsouza'} in DB
[2018-07-15 20:28:20,893]:[INFO]:app.main: Completed configuring logger()!
[2018-07-15 20:28:33,457]:[INFO]:app.main: Completed configuring logger()!
[2018-07-15 20:28:35,367]:[INFO]:app.main.collection_lib: Trying to find {'username': u'gare1thdsouza'} in DB
[2018-07-15 20:28:35,406]:[INFO]:app.main.collection_lib: Trying to find {'email': u'gare1thdsouza'} in DB
[2018-07-15 20:29:55,926]:[INFO]:app.main: Completed configuring logger()!
[2018-07-15 20:35:03,251]:[INFO]:app.main: Completed configuring logger()!
[2018-07-15 20:35:06,115]:[INFO]:app.main.collection_lib: Trying to find {'username': u'gare1thdsouza'} in DB
[2018-07-15 20:35:06,155]:[INFO]:app.main.collection_lib: Trying to find {'email': u'gare1thdsouza'} in DB
[2018-07-15 20:35:12,212]:[INFO]:app.main.collection_lib: Trying to find {'username': u'gare1thdsouza'} in DB
[2018-07-15 20:35:12,251]:[INFO]:app.main.collection_lib: Trying to find {'email': u'gare1thdsouza'} in DB
[2018-07-15 20:35:45,879]:[INFO]:app.main: Completed configuring logger()!
[2018-07-15 20:35:53,851]:[INFO]:app.main.collection_lib: Trying to find {'username': u'gare1thdsouza'} in DB
[2018-07-15 20:35:53,890]:[INFO]:app.main.collection_lib: Trying to find {'email': u'gare1thdsouza'} in DB
[2018-07-15 20:36:15,952]:[INFO]:app.main: Completed configuring logger()!
[2018-07-15 20:36:27,357]:[INFO]:app.main: Completed configuring logger()!
[2018-07-15 20:36:38,809]:[INFO]:app.main: Completed configuring logger()!
[2018-07-15 20:37:14,964]:[INFO]:app.main: Completed configuring logger()!
[2018-07-15 20:37:23,845]:[INFO]:app.main.collection_lib: Trying to find {'username': u'gare1thdsouza'} in DB
[2018-07-15 20:37:23,884]:[INFO]:app.main.collection_lib: Trying to find {'email': u'gare1thdsouza'} in DB
[2018-07-15 20:38:40,912]:[INFO]:app.main: Completed configuring logger()!
[2018-07-15 20:38:50,869]:[INFO]:app.main.collection_lib: Trying to find {'username': u'gare1thdsouza'} in DB
[2018-07-15 20:38:50,909]:[INFO]:app.main.collection_lib: Trying to find {'email': u'gare1thdsouza'} in DB
[2018-07-15 20:41:40,728]:[INFO]:app.main: Completed configuring logger()!
[2018-07-15 20:43:35,534]:[INFO]:app.main: Completed configuring logger()!
[2018-07-15 20:43:50,611]:[INFO]:app.main.collection_lib: Trying to find {'username': u'gare1thdsouza'} in DB
[2018-07-15 20:43:50,653]:[INFO]:app.main.collection_lib: Trying to find {'email': u'gare1thdsouza'} in DB
[2018-07-15 20:44:33,350]:[INFO]:app.main: Completed configuring logger()!
[2018-07-15 20:47:40,097]:[INFO]:app.main: Completed configuring logger()!
[2018-07-15 20:49:08,765]:[INFO]:app.main: Completed configuring logger()!
[2018-07-15 20:49:26,408]:[INFO]:app.main: Completed configuring logger()!
[2018-07-15 20:49:26,408]:[WARNING]:app.main: WARNING DEMO DEMO
[2018-07-15 20:49:42,761]:[DEBUG]:app.main: SIGN IN
[2018-07-15 20:49:42,763]:[INFO]:app.main.collection_lib: Trying to find {'username': u'gare1thdsouza'} in DB
[2018-07-15 20:49:42,801]:[INFO]:app.main.collection_lib: Trying to find {'email': u'gare1thdsouza'} in DB
[2018-07-15 20:50:08,819]:[INFO]:app.main: Completed configuring logger()!
[2018-07-15 20:55:55,692]:[INFO]:app.main: Completed configuring logger()!
[2018-07-15 20:55:59,703]:[DEBUG]:app.main: Welcome to SIGN IN page
[2018-07-15 20:55:59,705]:[INFO]:app.main.collection_lib: Trying to find {'username': u'gare1thdsouza'} in DB
[2018-07-15 20:55:59,750]:[INFO]:app.main.collection_lib: Trying to find {'email': u'gare1thdsouza'} in DB
[2018-07-15 20:55:59,788]:[INFO]:app.main: Invalid Username
[2018-07-15 20:56:59,744]:[DEBUG]:app.main: Welcome to SIGN IN page
[2018-07-15 20:56:59,745]:[INFO]:app.main.collection_lib: Trying to find {'username': u'gare1thdsouza'} in DB
[2018-07-15 20:56:59,784]:[INFO]:app.main.collection_lib: Trying to find {'email': u'gare1thdsouza'} in DB
[2018-07-15 20:56:59,824]:[INFO]:app.main: Invalid Username
[2018-07-15 20:57:10,201]:[DEBUG]:app.main: Welcome to SIGN IN page
[2018-07-15 20:57:10,201]:[INFO]:app.main.collection_lib: Trying to find {'username': u'garethdsouza'} in DB
[2018-07-15 20:57:10,244]:[INFO]:app.main.collection_lib: Trying to find {'email': u'garethdsouza'} in DB
[2018-07-15 20:57:10,283]:[INFO]:app.main: Valid Username
